  GameInitializer.cpp
c:\users\yifan he\source\repos\a3v4\a3v4\source\gameinitializer.cpp(346): warning C4018: “<”: 有符号/无符号不匹配
c:\users\yifan he\source\repos\a3v4\a3v4\source\gameinitializer.cpp(352): warning C4018: “<”: 有符号/无符号不匹配
c:\users\yifan he\source\repos\a3v4\a3v4\source\gameinitializer.cpp(491): warning C4018: “<”: 有符号/无符号不匹配
c:\users\yifan he\source\repos\a3v4\a3v4\source\gameinitializer.cpp(497): warning C4018: “<”: 有符号/无符号不匹配
c:\users\yifan he\source\repos\a3v4\a3v4\source\gameinitializer.cpp(587): warning C4018: “<”: 有符号/无符号不匹配
c:\users\yifan he\source\repos\a3v4\a3v4\source\gameinitializer.cpp(595): warning C4018: “<”: 有符号/无符号不匹配
c:\users\yifan he\source\repos\a3v4\a3v4\source\gameinitializer.cpp(867): warning C4018: “<”: 有符号/无符号不匹配
c:\users\yifan he\source\repos\a3v4\a3v4\source\gameinitializer.cpp(996): warning C4018: “<”: 有符号/无符号不匹配
c:\users\yifan he\source\repos\a3v4\a3v4\source\gameinitializer.cpp(1014): warning C4018: “<”: 有符号/无符号不匹配
c:\users\yifan he\source\repos\a3v4\a3v4\source\gameinitializer.cpp(1044): warning C4018: “<”: 有符号/无符号不匹配
c:\users\yifan he\source\repos\a3v4\a3v4\source\gameinitializer.cpp(1065): warning C4018: “<”: 有符号/无符号不匹配
c:\users\yifan he\source\repos\a3v4\a3v4\source\gameinitializer.cpp(1106): warning C4018: “<”: 有符号/无符号不匹配
c:\users\yifan he\source\repos\a3v4\a3v4\source\gameinitializer.cpp(1123): warning C4018: “<”: 有符号/无符号不匹配
c:\users\yifan he\source\repos\a3v4\a3v4\source\gameinitializer.cpp(1153): warning C4018: “<”: 有符号/无符号不匹配
c:\users\yifan he\source\repos\a3v4\a3v4\source\gameinitializer.cpp(1174): warning C4018: “<”: 有符号/无符号不匹配
c:\users\yifan he\source\repos\a3v4\a3v4\source\gameinitializer.cpp(1213): warning C4018: “<”: 有符号/无符号不匹配
c:\users\yifan he\source\repos\a3v4\a3v4\source\gameinitializer.cpp(1230): warning C4018: “<”: 有符号/无符号不匹配
c:\users\yifan he\source\repos\a3v4\a3v4\source\gameinitializer.cpp(1261): warning C4018: “<”: 有符号/无符号不匹配
c:\users\yifan he\source\repos\a3v4\a3v4\source\gameinitializer.cpp(1282): warning C4018: “<”: 有符号/无符号不匹配
c:\users\yifan he\source\repos\a3v4\a3v4\source\gameinitializer.cpp(1319): warning C4018: “<”: 有符号/无符号不匹配
c:\users\yifan he\source\repos\a3v4\a3v4\source\gameinitializer.cpp(1336): warning C4018: “<”: 有符号/无符号不匹配
c:\users\yifan he\source\repos\a3v4\a3v4\source\gameinitializer.cpp(1370): warning C4018: “<”: 有符号/无符号不匹配
c:\users\yifan he\source\repos\a3v4\a3v4\source\gameinitializer.cpp(1391): warning C4018: “<”: 有符号/无符号不匹配
c:\users\yifan he\source\repos\a3v4\a3v4\source\gameinitializer.cpp(1427): warning C4018: “<”: 有符号/无符号不匹配
c:\users\yifan he\source\repos\a3v4\a3v4\source\gameinitializer.cpp(1444): warning C4018: “<”: 有符号/无符号不匹配
c:\users\yifan he\source\repos\a3v4\a3v4\source\gameinitializer.cpp(1475): warning C4018: “<”: 有符号/无符号不匹配
c:\users\yifan he\source\repos\a3v4\a3v4\source\gameinitializer.cpp(1496): warning C4018: “<”: 有符号/无符号不匹配
c:\users\yifan he\source\repos\a3v4\a3v4\source\gameinitializer.cpp(1542): warning C4018: “<”: 有符号/无符号不匹配
c:\users\yifan he\source\repos\a3v4\a3v4\source\gameinitializer.cpp(1561): warning C4018: “<=”: 有符号/无符号不匹配
c:\users\yifan he\source\repos\a3v4\a3v4\source\gameinitializer.cpp(1563): warning C4018: “<”: 有符号/无符号不匹配
c:\users\yifan he\source\repos\a3v4\a3v4\source\gameinitializer.cpp(1582): warning C4018: “>”: 有符号/无符号不匹配
c:\users\yifan he\source\repos\a3v4\a3v4\source\gameinitializer.cpp(1589): warning C4018: “<”: 有符号/无符号不匹配
c:\users\yifan he\source\repos\a3v4\a3v4\source\gameinitializer.cpp(1597): warning C4018: “<”: 有符号/无符号不匹配
c:\users\yifan he\source\repos\a3v4\a3v4\source\gameinitializer.cpp(1600): warning C4018: “<”: 有符号/无符号不匹配
c:\users\yifan he\source\repos\a3v4\a3v4\source\gameinitializer.cpp(1630): warning C4018: “<”: 有符号/无符号不匹配
c:\users\yifan he\source\repos\a3v4\a3v4\source\gameinitializer.cpp(1637): warning C4018: “<=”: 有符号/无符号不匹配
c:\users\yifan he\source\repos\a3v4\a3v4\source\gameinitializer.cpp(1640): warning C4018: “<”: 有符号/无符号不匹配
c:\users\yifan he\source\repos\a3v4\a3v4\source\gameinitializer.cpp(1643): warning C4018: “<”: 有符号/无符号不匹配
c:\users\yifan he\source\repos\a3v4\a3v4\source\gameinitializer.cpp(1674): warning C4018: “>”: 有符号/无符号不匹配
c:\users\yifan he\source\repos\a3v4\a3v4\source\gameinitializer.cpp(1734): warning C4018: “>”: 有符号/无符号不匹配
c:\users\yifan he\source\repos\a3v4\a3v4\source\gameinitializer.cpp(1740): warning C4018: “<”: 有符号/无符号不匹配
c:\users\yifan he\source\repos\a3v4\a3v4\source\gameinitializer.cpp(1769): warning C4018: “>”: 有符号/无符号不匹配
c:\users\yifan he\source\repos\a3v4\a3v4\source\gameinitializer.cpp(1780): warning C4018: “<”: 有符号/无符号不匹配
c:\users\yifan he\source\repos\a3v4\a3v4\source\gameinitializer.cpp(1862): warning C4018: “<”: 有符号/无符号不匹配
c:\users\yifan he\source\repos\a3v4\a3v4\source\gameinitializer.cpp(1863): warning C4018: “<”: 有符号/无符号不匹配
c:\users\yifan he\source\repos\a3v4\a3v4\source\gameinitializer.cpp(1883): warning C4018: “<”: 有符号/无符号不匹配
c:\users\yifan he\source\repos\a3v4\a3v4\source\gameinitializer.cpp(1886): warning C4018: “<”: 有符号/无符号不匹配
c:\users\yifan he\source\repos\a3v4\a3v4\source\gameinitializer.cpp(1931): warning C4018: “<”: 有符号/无符号不匹配
c:\users\yifan he\source\repos\a3v4\a3v4\source\gameinitializer.cpp(1935): warning C4018: “<”: 有符号/无符号不匹配
c:\users\yifan he\source\repos\a3v4\a3v4\source\gameinitializer.cpp(1966): warning C4018: “<”: 有符号/无符号不匹配
c:\users\yifan he\source\repos\a3v4\a3v4\source\gameinitializer.cpp(1978): warning C4018: “<”: 有符号/无符号不匹配
c:\users\yifan he\source\repos\a3v4\a3v4\source\gameinitializer.cpp(1998): warning C4018: “<”: 有符号/无符号不匹配
c:\users\yifan he\source\repos\a3v4\a3v4\source\gameinitializer.cpp(1999): warning C4018: “<”: 有符号/无符号不匹配
c:\users\yifan he\source\repos\a3v4\a3v4\source\gameinitializer.cpp(2020): warning C4018: “<”: 有符号/无符号不匹配
c:\users\yifan he\source\repos\a3v4\a3v4\source\gameinitializer.cpp(2024): warning C4018: “<”: 有符号/无符号不匹配
c:\users\yifan he\source\repos\a3v4\a3v4\source\gameinitializer.cpp(2045): warning C4018: “<”: 有符号/无符号不匹配
c:\users\yifan he\source\repos\a3v4\a3v4\source\gameinitializer.cpp(2104): warning C4018: “<”: 有符号/无符号不匹配
c:\users\yifan he\source\repos\a3v4\a3v4\source\gameinitializer.cpp(2108): warning C4018: “<”: 有符号/无符号不匹配
c:\users\yifan he\source\repos\a3v4\a3v4\source\gameinitializer.cpp(2133): warning C4018: “<”: 有符号/无符号不匹配
c:\users\yifan he\source\repos\a3v4\a3v4\source\gameinitializer.cpp(2137): warning C4018: “<”: 有符号/无符号不匹配
c:\users\yifan he\source\repos\a3v4\a3v4\source\gameinitializer.cpp(2146): warning C4018: “<”: 有符号/无符号不匹配
c:\users\yifan he\source\repos\a3v4\a3v4\source\gameinitializer.cpp(2149): warning C4018: “<”: 有符号/无符号不匹配
c:\users\yifan he\source\repos\a3v4\a3v4\source\gameinitializer.cpp(2162): warning C4018: “<”: 有符号/无符号不匹配
  A3V4.vcxproj -> C:\Users\yifan He\source\repos\A3V4\Debug\A3V4.exe
